<?xml version="1.0" encoding="UTF-8"?>
<!-- Generated by org.testng.reporters.JUnitXMLReporter -->
<testsuite hostname="vicky-PC" ignored="0" name="Nop Commerce" tests="7" failures="0" timestamp="2020-06-24T11:19:53 IST" time="256.604" errors="0">
  <testcase name="validateTheLoginPageURL" time="0.178" classname="com.nc.qa.testCases.LoginPageTest"/>
  <testcase name="validateTheLoginPageTitle" time="0.054" classname="com.nc.qa.testCases.LoginPageTest"/>
  <testcase name="validateTheLoginFunctionality" time="22.318" classname="com.nc.qa.testCases.LoginPageTest"/>
  <testcase name="verifyAddNewCustomerPageURL" time="0.03" classname="com.nc.qa.testCases.CreateCustomerPageTest"/>
  <testcase name="verifyAddNewCustomerPageTitle" time="0.046" classname="com.nc.qa.testCases.CreateCustomerPageTest"/>
  <testcase name="verifyAddNewCustomer" time="15.489" classname="com.nc.qa.testCases.CreateCustomerPageTest"/>
  <testcase name="verifyAddNewCustomer" time="6.511" classname="com.nc.qa.testCases.CreateCustomerPageTest"/>
</testsuite> <!-- Nop Commerce -->
