<?xml version="1.0" encoding="UTF-8"?>
<!-- Generated by org.testng.reporters.JUnitXMLReporter -->
<testsuite hostname="vicky-PC" ignored="2" name="Default test" tests="2" failures="0" timestamp="2020-06-24T13:20:28 IST" time="122.727" errors="0">
  <testcase name="verifyAddNewCustomer" time="12.394" classname="com.nc.qa.testCases.CreateCustomerPageTest"/>
  <testcase name="verifyAddNewCustomer" time="9.687" classname="com.nc.qa.testCases.CreateCustomerPageTest"/>
  <testcase name="verifyAddNewCustomerPageTitle" time="0.0" classname="com.nc.qa.testCases.CreateCustomerPageTest">
    <ignored/>
  </testcase> <!-- verifyAddNewCustomerPageTitle -->
  <testcase name="verifyAddNewCustomerPageURL" time="0.0" classname="com.nc.qa.testCases.CreateCustomerPageTest">
    <ignored/>
  </testcase> <!-- verifyAddNewCustomerPageURL -->
</testsuite> <!-- Default test -->
