<?xml version="1.0" encoding="UTF-8"?>
<!-- Generated by org.testng.reporters.JUnitXMLReporter -->
<testsuite hostname="vicky-PC" ignored="0" name="Nop Commerce" tests="7" failures="0" timestamp="2020-06-24T11:35:28 IST" time="207.161" errors="0">
  <testcase name="validateTheLoginPageURL" time="0.492" classname="com.nc.qa.testCases.LoginPageTest"/>
  <testcase name="validateTheLoginPageTitle" time="0.025" classname="com.nc.qa.testCases.LoginPageTest"/>
  <testcase name="validateTheLoginFunctionality" time="14.362" classname="com.nc.qa.testCases.LoginPageTest"/>
  <testcase name="verifyAddNewCustomerPageURL" time="0.066" classname="com.nc.qa.testCases.CreateCustomerPageTest"/>
  <testcase name="verifyAddNewCustomerPageTitle" time="0.031" classname="com.nc.qa.testCases.CreateCustomerPageTest"/>
  <testcase name="verifyAddNewCustomer" time="7.37" classname="com.nc.qa.testCases.CreateCustomerPageTest"/>
  <testcase name="verifyAddNewCustomer" time="6.362" classname="com.nc.qa.testCases.CreateCustomerPageTest"/>
</testsuite> <!-- Nop Commerce -->
