<?xml version="1.0" encoding="UTF-8"?>
<testng-results skipped="0" failed="0" ignored="0" total="1" passed="1">
  <reporter-output>
  </reporter-output>
  <suite name="Default suite" duration-ms="82211" started-at="2020-06-29T12:43:06 IST" finished-at="2020-06-29T12:44:28 IST">
    <groups>
    </groups>
    <test name="Default test" duration-ms="82211" started-at="2020-06-29T12:43:06 IST" finished-at="2020-06-29T12:44:28 IST">
      <class name="com.nc.qa.testCases.DeleteCustomerRolesPageTest">
        <test-method status="PASS" signature="setUp()[pri:0, instance:com.nc.qa.testCases.DeleteCustomerRolesPageTest@77b8cf]" name="setUp" is-config="true" duration-ms="33882" started-at="2020-06-29T12:43:06 IST" finished-at="2020-06-29T12:43:40 IST">
          <reporter-output>
          </reporter-output>
        </test-method> <!-- setUp -->
        <test-method status="PASS" signature="deleteTheCustomerRoleTest()[pri:1, instance:com.nc.qa.testCases.DeleteCustomerRolesPageTest@77b8cf]" name="deleteTheCustomerRoleTest" duration-ms="46795" started-at="2020-06-29T12:43:40 IST" description="Delete the Customer role" finished-at="2020-06-29T12:44:27 IST">
          <reporter-output>
          </reporter-output>
        </test-method> <!-- deleteTheCustomerRoleTest -->
        <test-method status="PASS" signature="tearDown()[pri:0, instance:com.nc.qa.testCases.DeleteCustomerRolesPageTest@77b8cf]" name="tearDown" is-config="true" duration-ms="820" started-at="2020-06-29T12:44:27 IST" finished-at="2020-06-29T12:44:28 IST">
          <reporter-output>
          </reporter-output>
        </test-method> <!-- tearDown -->
      </class> <!-- com.nc.qa.testCases.DeleteCustomerRolesPageTest -->
    </test> <!-- Default test -->
  </suite> <!-- Default suite -->
</testng-results>
